<?xml version="1.0" encoding="UTF-8"?>
<testsuite name="com.skilldistillery.jpasmoochyzoo.entites.AnimalTest" tests="1" skipped="0" failures="0" errors="0" timestamp="2024-12-17T19:23:30" hostname="DESKTOP-T8M6T6A" time="0.029">
  <properties/>
  <testcase name="test_User_basic_mappings()" classname="com.skilldistillery.jpasmoochyzoo.entites.AnimalTest" time="0.029"/>
  <system-out><![CDATA[[WARN ] 2024-12-17 12:23:30.419 [org.hibernate.dialect.Dialect] - HHH000511: The 5.7.24 version for [org.hibernate.dialect.MySQLDialect] is no longer supported, hence certain features may not work properly. The minimum supported version is 8.0.0. Check the community dialects project for available legacy versions.
]]></system-out>
  <system-err><![CDATA[]]></system-err>
</testsuite>
