<?xml version="1.0" encoding="UTF-8"?>
<testsuite name="com.skilldistillery.smoochyzoo.SmoochyZooApplicationTests" tests="1" skipped="0" failures="0" errors="0" timestamp="2024-12-17T19:23:23" hostname="DESKTOP-T8M6T6A" time="1.14">
  <properties/>
  <testcase name="contextLoads()" classname="com.skilldistillery.smoochyzoo.SmoochyZooApplicationTests" time="1.14"/>
  <system-out><![CDATA[12:23:16.854 [Test worker] INFO org.springframework.test.context.support.AnnotationConfigContextLoaderUtils -- Could not detect default configuration classes for test class [com.skilldistillery.smoochyzoo.SmoochyZooApplicationTests]: SmoochyZooApplicationTests does not declare any static, non-private, non-final, nested classes annotated with @Configuration.
12:23:17.067 [Test worker] INFO org.springframework.boot.test.context.SpringBootTestContextBootstrapper -- Found @SpringBootConfiguration com.skilldistillery.smoochyzoo.SmoochyZooApplication for test class com.skilldistillery.smoochyzoo.SmoochyZooApplicationTests

  .   ____          _            __ _ _
 /\\ / ___'_ __ _ _(_)_ __  __ _ \ \ \ \
( ( )\___ | '_ | '_| | '_ \/ _` | \ \ \ \
 \\/  ___)| |_)| | | | | || (_| |  ) ) ) )
  '  |____| .__|_| |_|_| |_\__, | / / / /
 =========|_|==============|___/=/_/_/_/

 :: Spring Boot ::                (v3.4.0)

2024-12-17T12:23:17.837-07:00 DEBUG 8804 --- [SmoochyZoo] [    Test worker] o.s.w.c.s.GenericWebApplicationContext   : Refreshing org.springframework.web.context.support.GenericWebApplicationContext@33364212
2024-12-17T12:23:21.165-07:00  WARN 8804 --- [SmoochyZoo] [    Test worker] org.hibernate.dialect.Dialect            : HHH000511: The 5.7.24 version for [org.hibernate.dialect.MySQLDialect] is no longer supported, hence certain features may not work properly. The minimum supported version is 8.0.0. Check the community dialects project for available legacy versions.
2024-12-17T12:23:22.007-07:00  WARN 8804 --- [SmoochyZoo] [    Test worker] JpaBaseConfiguration$JpaWebConfiguration : spring.jpa.open-in-view is enabled by default. Therefore, database queries may be performed during view rendering. Explicitly configure spring.jpa.open-in-view to disable this warning
2024-12-17T12:23:22.377-07:00 DEBUG 8804 --- [SmoochyZoo] [    Test worker] s.w.s.m.m.a.RequestMappingHandlerMapping : 2 mappings in 'requestMappingHandlerMapping'
2024-12-17T12:23:22.708-07:00 DEBUG 8804 --- [SmoochyZoo] [    Test worker] o.s.w.s.handler.SimpleUrlHandlerMapping  : Patterns [/webjars/**, /**] in 'resourceHandlerMapping'
2024-12-17T12:23:22.780-07:00 DEBUG 8804 --- [SmoochyZoo] [    Test worker] s.w.s.m.m.a.RequestMappingHandlerAdapter : ControllerAdvice beans: 0 @ModelAttribute, 0 @InitBinder, 1 RequestBodyAdvice, 1 ResponseBodyAdvice
2024-12-17T12:23:22.877-07:00 DEBUG 8804 --- [SmoochyZoo] [    Test worker] .m.m.a.ExceptionHandlerExceptionResolver : ControllerAdvice beans: 0 @ExceptionHandler, 1 ResponseBodyAdvice
]]></system-out>
  <system-err><![CDATA[Mockito is currently self-attaching to enable the inline-mock-maker. This will no longer work in future releases of the JDK. Please add Mockito as an agent to your build what is described in Mockito's documentation: https://javadoc.io/doc/org.mockito/mockito-core/latest/org/mockito/Mockito.html#0.3
WARNING: A Java agent has been loaded dynamically (C:\Users\arnol\.gradle\caches\modules-2\files-2.1\net.bytebuddy\byte-buddy-agent\1.15.10\e8eb255b2c378b9a6c7341e7b0e12f0a5636377\byte-buddy-agent-1.15.10.jar)
WARNING: If a serviceability tool is in use, please run with -XX:+EnableDynamicAgentLoading to hide this warning
WARNING: If a serviceability tool is not in use, please run with -Djdk.instrument.traceUsage for more information
WARNING: Dynamic loading of agents will be disallowed by default in a future release
]]></system-err>
</testsuite>
